           1  0.18511262832018621        1350.8672246090848     
           2  0.40896487849167584        1350.8977298514553     
           3  0.64071635842660901        1350.9301482089788     
           4  0.89271278829697487        1350.9659377456599     
           5   1.1764289508546950        1351.0066922861827     
           6   1.5078556814190747        1351.0547580867944     
           7   1.9104353122480218        1351.1136558626299     
           8   2.4188665025497005        1351.1886743787293     
           9   3.0846380410801126        1351.2877618606435     
          10   3.9842237415153998        1351.4228772510105     
          11   5.2312628160215873        1351.6120466331904     
          12   6.9946761085289166        1351.8825049727964     
          13   9.5256069301248978        1352.2755199642443     
          14   13.197474284197156        1352.8538494535869     
          15   18.565512390854327        1353.7133776555706     
          16   26.455277593505464        1355.0014932734584     
          17   38.094224807060378        1356.9465651931150     
          18   55.307323541232229        1359.9061270976222     
          19   80.807890934310208        1364.4475072312609     
          20   118.62999322797710        1371.4866460547473     
          21   174.77132704795412        1382.5356066967981     
          22   258.14903382500717        1400.1637907539107     
          23   382.02077040224816        1428.9074135337935     
          24   566.09750376711133        1477.1826234679118     
          25   839.68473385636719        1561.3269995424864     
          26   1246.3527430942104        1709.3754678580767     
          27   1850.8801436418066        1918.3586597796232     
          28   2749.5772759021070        2071.1667710438451     
          29   4085.6346395361702        2121.9321821919762     
          30   6071.9423491395810        2107.7270206746502     
          31   9025.0172214796512        2078.0929584995297     
          32   13415.444261312388        2075.3831803928970     
          33   19942.871118640363        2098.8063972503601     
          34   29647.506957777478        2127.2630757659026     
          35   44075.894679207689        2150.3097775931615     
          36   65527.374670971272        2170.8118426027449     
          37   97420.517616719590        2197.7951428661881     
          38   144837.92267423347        2239.9634797177300     
          39   215336.20241345561        2306.4674829451983     
          40   320150.23720961617        2409.0800325144673     
          41   475983.61426904664        2561.2093501732934     
          42   707670.58337828587        2783.7582153355197     
          43   1052133.7501335305        3046.2516993885056     
          44   1564268.2217247020        3321.9500439097801     
          45   2325689.9281419725        3609.4214755288276     
          46   3457742.2890295689        3906.8943551518546     
          47   5140834.0247528767        4212.2861624325551     
          48   7643189.8687115554        4523.2513326938488     
          49   11363596.018499609        4837.2464959620884     
          50   16894952.425496761        5151.6098229236177     
          51   25118759.890049186        5463.6495440607032     
          52   37345599.833529159        5770.7355519717039     
          53   55523994.210053854        6070.3875357538491     
          54   82550925.975159466        6360.3533868780314     
