           1  0.18511262832018621        1003.8338593710200        2.1024269888741554E-006   0.0000000000000000     
           2  0.40896487849167584        1020.9801518054552        2.2658262222545258E-006   0.0000000000000000     
           3  0.64071635842660901        1039.4776385702635        2.4376499725998693E-006   0.0000000000000000     
           4  0.89271278829697487        1039.8699168523126        2.5836229832428009E-006   0.0000000000000000     
           5   1.1764289508546950        1055.3512449016096        2.6411447037262355E-006   0.0000000000000000     
           6   1.5078556814190747        1050.6507837959880        2.7649650648956167E-006   0.0000000000000000     
           7   1.9104353122480218        1068.0260974677442        2.8058624083292300E-006   0.0000000000000000     
           8   2.4188665025497005        1058.9024038658877        2.9325821787142673E-006   0.0000000000000000     
           9   3.0846380410801126        1080.2340098206625        2.9749244208156768E-006   0.0000000000000000     
          10   3.9842237415153998        1066.4812044356645        3.1170779692241196E-006   0.0000000000000000     
          11   5.2312628160215873        1093.9141707440706        3.1843608265757901E-006   0.0000000000000000     
          12   6.9946761085289166        1076.8675503524125        3.3584524866882807E-006   0.0000000000000000     
          13   9.5256069301248978        1112.6916088494581        3.5116675801972874E-006   0.0000000000000000     
          14   13.197474284197156        1096.6965182601105        3.7226769709477651E-006   0.0000000000000000     
          15   18.565512390854327        1141.3941638604174        3.9594825936895498E-006   0.0000000000000000     
          16   26.455277593505464        1133.7712156478290        4.2747253332090361E-006   0.0000000000000000     
          17   38.094224807060378        1186.6911191040986        4.6164736048162019E-006   0.0000000000000000     
          18   55.307323541232229        1196.7404151712187        4.9936073153286093E-006   0.0000000000000000     
          19   80.807890934310208        1261.2020340463559        5.5642723764451937E-006   0.0000000000000000     
          20   118.62999322797710        1298.0887026167024        5.9762976628761675E-006   0.0000000000000000     
          21   174.77132704795412        1379.7065562932798        6.7793048520875407E-006   0.0000000000000000     
          22   258.14903382500717        1441.7045796840330        7.2988110322206357E-006   0.0000000000000000     
          23   382.02077040224816        1532.2245706224055        8.2391080781572621E-006   0.0000000000000000     
          24   566.09750376711133        1606.8658583021845        9.0798702695907129E-006   0.0000000000000000     
          25   839.68473385636719        1692.1902997856869        1.0475856149355035E-005   0.0000000000000000     
          26   1246.3527430942104        1771.7508207329602        1.1732029853266105E-005   0.0000000000000000     
          27   1850.8801436418066        1854.8694953101024        1.3274811825462063E-005   0.0000000000000000     
          28   2749.5772759021070        1935.2870492758425        1.4948505511018892E-005   0.0000000000000000     
          29   4085.6346395361702        2019.3911100889247        1.6948595700461358E-005   0.0000000000000000     
          30   6071.9423491395810        2100.6103151733896        1.9005318317750988E-005   0.0000000000000000     
          31   9025.0172214796512        2177.7086748890383        2.1557042508344881E-005   0.0000000000000000     
          32   13415.444261312388        2246.7403381403146        2.4294461671339502E-005   0.0000000000000000     
          33   19942.871118640363        2315.0799337057551        2.8343750417765690E-005   0.0000000000000000     
          34   29647.506957777478        2385.9265306037637        3.2199569901525671E-005   0.0000000000000000     
          35   44075.894679207689        2460.3352794765196        3.7459633448376064E-005   0.0000000000000000     
          36   65527.374670971272        2535.0739991842870        4.2184785686887628E-005   0.0000000000000000     
          37   97420.517616719590        2606.8657983650387        4.8564109571585960E-005   0.0000000000000000     
          38   144837.92267423347        2674.5681782106026        5.4063129695492912E-005   0.0000000000000000     
          39   215336.20241345561        2741.4991934999312        6.0431627068256673E-005   0.0000000000000000     
          40   320150.23720961617        2818.0442293499054        6.4655224045543209E-005   0.0000000000000000     
          41   475983.61426904664        2912.9205558074482        6.5999855643565877E-005   0.0000000000000000     
          42   707670.58337828587        3034.2763917826055        6.0120862913311885E-005   0.0000000000000000     
          43   1052133.7501335305        3188.3439008535538        4.6800287815910915E-005   0.0000000000000000     
          44   1564268.2217247020        3381.1540006848331        2.8472031941816231E-005   0.0000000000000000     
          45   2325689.9281419725        3615.0812194298151        9.2865940011040147E-006   0.0000000000000000     
          46   3457742.2890295689        3886.3460310006276       -4.7810704730615571E-006   0.0000000000000000     
          47   5140834.0247528767        4185.1146851938092       -1.0986013320393131E-005   0.0000000000000000     
          48   7643189.8687115554        4499.7180495650246       -1.0986922516016114E-005   0.0000000000000000     
          49   11363596.018499609        4820.4207182479367       -8.3012491365000423E-006   0.0000000000000000     
          50   16894952.425496761        5140.8094693509265       -5.4258404047165918E-006   0.0000000000000000     
          51   25118759.890049186        5457.2087131295966       -3.2396954171471494E-006   0.0000000000000000     
          52   37345599.833529159        5767.2668822663891       -1.7495323125689195E-006   0.0000000000000000     
          53   55523994.210053854        6069.5005513337783       -4.7096787067809793E-007   0.0000000000000000     
          54   82550925.975159466        6356.2811905007129       -2.0244842933644820E-006   0.0000000000000000     
